<?xml version="1.0" encoding="UTF-8"?>
<!-- Generated by org.testng.reporters.JUnitReportReporter -->
<testsuite hostname="P37AZsLDZI47gND" failures="0" tests="3" name="bg.skillo.negative.LoginTests" time="107.861" errors="0" timestamp="2024-08-12T16:49:29 EEST" skipped="0">
  <testcase classname="bg.skillo.negative.LoginTests" name="loginFailedWithWrongUser" time="33.125"/>
  <testcase classname="bg.skillo.negative.LoginTests" name="loginFailedWithWrongPassword" time="38.309"/>
  <testcase classname="bg.skillo.negative.LoginTests" name="loginFailedWithNoCredentials" time="36.427"/>
</testsuite> <!-- bg.skillo.negative.LoginTests -->
