<?xml version="1.0" encoding="UTF-8"?>
<!-- Generated by org.testng.reporters.JUnitReportReporter -->
<testsuite hostname="P37AZsLDZI47gND" failures="0" tests="1" name="bg.skillo.positive.LoginTests" time="41.659" errors="0" timestamp="2024-08-12T16:49:29 EEST" skipped="0">
  <testcase classname="bg.skillo.positive.LoginTests" name="successfullyLogin" time="41.659"/>
</testsuite> <!-- bg.skillo.positive.LoginTests -->
